# JRE version: Java(TM) SE Runtime Environment (8.0_241-b07) (build 1.8.0_241-b07)
# Java VM: Java HotSpot(TM) 64-Bit Server VM (25.241-b07 mixed mode windows-amd64 compressed oops)
Heap:
 PSYoungGen      total 141312K, used 117421K [0x000000076b580000, 0x0000000778a80000, 0x00000007c0000000)
  eden space 127488K, 92% used [0x000000076b580000,0x000000077282b588,0x0000000773200000)
  from space 13824K, 0% used [0x0000000773200000,0x0000000773200000,0x0000000773f80000)
  to   space 13312K, 0% used [0x0000000777d80000,0x0000000777d80000,0x0000000778a80000)
 ParOldGen       total 161792K, used 12230K [0x00000006c2000000, 0x00000006cbe00000, 0x000000076b580000)
  object space 161792K, 7% used [0x00000006c2000000,0x00000006c2bf1b68,0x00000006cbe00000)
 Metaspace       used 44548K, capacity 46520K, committed 46888K, reserved 1089536K
  class space    used 5996K, capacity 6327K, committed 6448K, reserved 1048576K
GC Heap History (10 events):
Event: 2.790 GC heap before
{Heap before GC invocations=5 (full 1):
 PSYoungGen      total 75776K, used 65024K [0x000000076b580000, 0x0000000774980000, 0x00000007c0000000)
  eden space 65024K, 100% used [0x000000076b580000,0x000000076f500000,0x000000076f500000)
  from space 10752K, 0% used [0x000000076f500000,0x000000076f500000,0x000000076ff80000)
  to   space 10752K, 0% used [0x0000000773f00000,0x0000000773f00000,0x0000000774980000)
 ParOldGen       total 110592K, used 9593K [0x00000006c2000000, 0x00000006c8c00000, 0x000000076b580000)
  object space 110592K, 8% used [0x00000006c2000000,0x00000006c295e400,0x00000006c8c00000)
 Metaspace       used 22253K, capacity 23030K, committed 23088K, reserved 1069056K
  class space    used 2872K, capacity 3068K, committed 3120K, reserved 1048576K
Event: 2.796 GC heap after
Heap after GC invocations=5 (full 1):
 PSYoungGen      total 95744K, used 2945K [0x000000076b580000, 0x0000000774200000, 0x00000007c0000000)
  eden space 92672K, 0% used [0x000000076b580000,0x000000076b580000,0x0000000771000000)
  from space 3072K, 95% used [0x0000000773f00000,0x00000007741e0430,0x0000000774200000)
  to   space 10752K, 0% used [0x0000000772d00000,0x0000000772d00000,0x0000000773780000)
 ParOldGen       total 110592K, used 9601K [0x00000006c2000000, 0x00000006c8c00000, 0x000000076b580000)
  object space 110592K, 8% used [0x00000006c2000000,0x00000006c2960400,0x00000006c8c00000)
 Metaspace       used 22253K, capacity 23030K, committed 23088K, reserved 1069056K
  class space    used 2872K, capacity 3068K, committed 3120K, reserved 1048576K
}
Event: 4.222 GC heap before
{Heap before GC invocations=6 (full 1):
 PSYoungGen      total 95744K, used 95617K [0x000000076b580000, 0x0000000774200000, 0x00000007c0000000)
  eden space 92672K, 100% used [0x000000076b580000,0x0000000771000000,0x0000000771000000)
  from space 3072K, 95% used [0x0000000773f00000,0x00000007741e0430,0x0000000774200000)
  to   space 10752K, 0% used [0x0000000772d00000,0x0000000772d00000,0x0000000773780000)
 ParOldGen       total 110592K, used 9601K [0x00000006c2000000, 0x00000006c8c00000, 0x000000076b580000)
  object space 110592K, 8% used [0x00000006c2000000,0x00000006c2960400,0x00000006c8c00000)
 Metaspace       used 27758K, capacity 29078K, committed 29360K, reserved 1075200K
  class space    used 3642K, capacity 3920K, committed 4016K, reserved 1048576K
Event: 4.230 GC heap after
Heap after GC invocations=6 (full 1):
 PSYoungGen      total 133120K, used 9316K [0x000000076b580000, 0x0000000774c80000, 0x00000007c0000000)
  eden space 122368K, 0% used [0x000000076b580000,0x000000076b580000,0x0000000772d00000)
  from space 10752K, 86% used [0x0000000772d00000,0x0000000773619380,0x0000000773780000)
  to   space 13312K, 0% used [0x0000000773f80000,0x0000000773f80000,0x0000000774c80000)
 ParOldGen       total 110592K, used 9609K [0x00000006c2000000, 0x00000006c8c00000, 0x000000076b580000)
  object space 110592K, 8% used [0x00000006c2000000,0x00000006c2962400,0x00000006c8c00000)
 Metaspace       used 27758K, capacity 29078K, committed 29360K, reserved 1075200K
  class space    used 3642K, capacity 3920K, committed 4016K, reserved 1048576K
}
Event: 5.308 GC heap before
{Heap before GC invocations=7 (full 1):
 PSYoungGen      total 133120K, used 131684K [0x000000076b580000, 0x0000000774c80000, 0x00000007c0000000)
  eden space 122368K, 100% used [0x000000076b580000,0x0000000772d00000,0x0000000772d00000)
  from space 10752K, 86% used [0x0000000772d00000,0x0000000773619380,0x0000000773780000)
  to   space 13312K, 0% used [0x0000000773f80000,0x0000000773f80000,0x0000000774c80000)
 ParOldGen       total 110592K, used 9609K [0x00000006c2000000, 0x00000006c8c00000, 0x000000076b580000)
  object space 110592K, 8% used [0x00000006c2000000,0x00000006c2962400,0x00000006c8c00000)
 Metaspace       used 32634K, capacity 34444K, committed 34608K, reserved 1079296K
  class space    used 4258K, capacity 4595K, committed 4656K, reserved 1048576K
Event: 5.322 GC heap after
Heap after GC invocations=7 (full 1):
 PSYoungGen      total 140800K, used 9814K [0x000000076b580000, 0x0000000777500000, 0x00000007c0000000)
  eden space 127488K, 0% used [0x000000076b580000,0x000000076b580000,0x0000000773200000)
  from space 13312K, 73% used [0x0000000773f80000,0x0000000774915b08,0x0000000774c80000)
  to   space 13824K, 0% used [0x0000000773200000,0x0000000773200000,0x0000000773f80000)
 ParOldGen       total 110592K, used 9617K [0x00000006c2000000, 0x00000006c8c00000, 0x000000076b580000)
  object space 110592K, 8% used [0x00000006c2000000,0x00000006c2964400,0x00000006c8c00000)
 Metaspace       used 32634K, capacity 34444K, committed 34608K, reserved 1079296K
  class space    used 4258K, capacity 4595K, committed 4656K, reserved 1048576K
}
Event: 5.522 GC heap before
{Heap before GC invocations=8 (full 1):
 PSYoungGen      total 140800K, used 20962K [0x000000076b580000, 0x0000000777500000, 0x00000007c0000000)
  eden space 127488K, 8% used [0x000000076b580000,0x000000076c062d60,0x0000000773200000)
  from space 13312K, 73% used [0x0000000773f80000,0x0000000774915b08,0x0000000774c80000)
  to   space 13824K, 0% used [0x0000000773200000,0x0000000773200000,0x0000000773f80000)
 ParOldGen       total 110592K, used 9617K [0x00000006c2000000, 0x00000006c8c00000, 0x000000076b580000)
  object space 110592K, 8% used [0x00000006c2000000,0x00000006c2964400,0x00000006c8c00000)
 Metaspace       used 33529K, capacity 35326K, committed 35496K, reserved 1079296K
  class space    used 4354K, capacity 4670K, committed 4784K, reserved 1048576K
Event: 5.532 GC heap after
Heap after GC invocations=8 (full 1):
 PSYoungGen      total 141312K, used 7779K [0x000000076b580000, 0x0000000778a80000, 0x00000007c0000000)
  eden space 127488K, 0% used [0x000000076b580000,0x000000076b580000,0x0000000773200000)
  from space 13824K, 56% used [0x0000000773200000,0x0000000773998c28,0x0000000773f80000)
  to   space 13312K, 0% used [0x0000000777d80000,0x0000000777d80000,0x0000000778a80000)
 ParOldGen       total 110592K, used 9625K [0x00000006c2000000, 0x00000006c8c00000, 0x000000076b580000)
  object space 110592K, 8% used [0x00000006c2000000,0x00000006c2966400,0x00000006c8c00000)
 Metaspace       used 33529K, capacity 35326K, committed 35496K, reserved 1079296K
  class space    used 4354K, capacity 4670K, committed 4784K, reserved 1048576K
}
Event: 5.532 GC heap before
{Heap before GC invocations=9 (full 2):
 PSYoungGen      total 141312K, used 7779K [0x000000076b580000, 0x0000000778a80000, 0x00000007c0000000)
  eden space 127488K, 0% used [0x000000076b580000,0x000000076b580000,0x0000000773200000)
  from space 13824K, 56% used [0x0000000773200000,0x0000000773998c28,0x0000000773f80000)
  to   space 13312K, 0% used [0x0000000777d80000,0x0000000777d80000,0x0000000778a80000)
 ParOldGen       total 110592K, used 9625K [0x00000006c2000000, 0x00000006c8c00000, 0x000000076b580000)
  object space 110592K, 8% used [0x00000006c2000000,0x00000006c2966400,0x00000006c8c00000)
 Metaspace       used 33529K, capacity 35326K, committed 35496K, reserved 1079296K
  class space    used 4354K, capacity 4670K, committed 4784K, reserved 1048576K
Event: 5.597 GC heap after
Heap after GC invocations=9 (full 2):
 PSYoungGen      total 141312K, used 0K [0x000000076b580000, 0x0000000778a80000, 0x00000007c0000000)
  eden space 127488K, 0% used [0x000000076b580000,0x000000076b580000,0x0000000773200000)
  from space 13824K, 0% used [0x0000000773200000,0x0000000773200000,0x0000000773f80000)
  to   space 13312K, 0% used [0x0000000777d80000,0x0000000777d80000,0x0000000778a80000)
 ParOldGen       total 161792K, used 12230K [0x00000006c2000000, 0x00000006cbe00000, 0x000000076b580000)
  object space 161792K, 7% used [0x00000006c2000000,0x00000006c2bf1b68,0x00000006cbe00000)
 Metaspace       used 33529K, capacity 35326K, committed 35496K, reserved 1079296K
  class space    used 4354K, capacity 4670K, committed 4784K, reserved 1048576K
}

