# JRE version: Java(TM) SE Runtime Environment (8.0_241-b07) (build 1.8.0_241-b07)
# Java VM: Java HotSpot(TM) 64-Bit Server VM (25.241-b07 mixed mode windows-amd64 compressed oops)
Heap:
 PSYoungGen      total 235008K, used 54428K [0x000000076b580000, 0x000000077ab00000, 0x00000007c0000000)
  eden space 220672K, 18% used [0x000000076b580000,0x000000076dca8388,0x0000000778d00000)
  from space 14336K, 99% used [0x0000000778f00000,0x0000000779cfed00,0x0000000779d00000)
  to   space 10240K, 0% used [0x000000077a100000,0x000000077a100000,0x000000077ab00000)
 ParOldGen       total 124416K, used 21658K [0x00000006c2000000, 0x00000006c9980000, 0x000000076b580000)
  object space 124416K, 17% used [0x00000006c2000000,0x00000006c35269f8,0x00000006c9980000)
 Metaspace       used 54958K, capacity 57772K, committed 58072K, reserved 1099776K
  class space    used 7631K, capacity 8119K, committed 8192K, reserved 1048576K
GC Heap History (10 events):
Event: 1.943 GC heap before
{Heap before GC invocations=5 (full 1):
 PSYoungGen      total 140800K, used 5446K [0x000000076b580000, 0x0000000774980000, 0x00000007c0000000)
  eden space 130048K, 0% used [0x000000076b580000,0x000000076b580000,0x0000000773480000)
  from space 10752K, 50% used [0x0000000773f00000,0x0000000774451ae0,0x0000000774980000)
  to   space 10752K, 0% used [0x0000000773480000,0x0000000773480000,0x0000000773f00000)
 ParOldGen       total 173568K, used 40K [0x00000006c2000000, 0x00000006cc980000, 0x000000076b580000)
  object space 173568K, 0% used [0x00000006c2000000,0x00000006c200a000,0x00000006cc980000)
 Metaspace       used 20525K, capacity 21150K, committed 21248K, reserved 1067008K
  class space    used 2604K, capacity 2761K, committed 2816K, reserved 1048576K
Event: 1.986 GC heap after
Heap after GC invocations=5 (full 1):
 PSYoungGen      total 140800K, used 0K [0x000000076b580000, 0x0000000774980000, 0x00000007c0000000)
  eden space 130048K, 0% used [0x000000076b580000,0x000000076b580000,0x0000000773480000)
  from space 10752K, 0% used [0x0000000773f00000,0x0000000773f00000,0x0000000774980000)
  to   space 10752K, 0% used [0x0000000773480000,0x0000000773480000,0x0000000773f00000)
 ParOldGen       total 85504K, used 5288K [0x00000006c2000000, 0x00000006c7380000, 0x000000076b580000)
  object space 85504K, 6% used [0x00000006c2000000,0x00000006c252a008,0x00000006c7380000)
 Metaspace       used 20521K, capacity 21138K, committed 21248K, reserved 1067008K
  class space    used 2602K, capacity 2759K, committed 2816K, reserved 1048576K
}
Event: 5.115 GC heap before
{Heap before GC invocations=6 (full 1):
 PSYoungGen      total 140800K, used 130048K [0x000000076b580000, 0x0000000774980000, 0x00000007c0000000)
  eden space 130048K, 100% used [0x000000076b580000,0x0000000773480000,0x0000000773480000)
  from space 10752K, 0% used [0x0000000773f00000,0x0000000773f00000,0x0000000774980000)
  to   space 10752K, 0% used [0x0000000773480000,0x0000000773480000,0x0000000773f00000)
 ParOldGen       total 85504K, used 5288K [0x00000006c2000000, 0x00000006c7380000, 0x000000076b580000)
  object space 85504K, 6% used [0x00000006c2000000,0x00000006c252a008,0x00000006c7380000)
 Metaspace       used 28605K, capacity 29942K, committed 30208K, reserved 1075200K
  class space    used 3759K, capacity 4030K, committed 4096K, reserved 1048576K
Event: 5.183 GC heap after
Heap after GC invocations=6 (full 1):
 PSYoungGen      total 140800K, used 10750K [0x000000076b580000, 0x000000077af00000, 0x00000007c0000000)
  eden space 130048K, 0% used [0x000000076b580000,0x000000076b580000,0x0000000773480000)
  from space 10752K, 99% used [0x0000000773480000,0x0000000773eff868,0x0000000773f00000)
  to   space 14336K, 0% used [0x000000077a100000,0x000000077a100000,0x000000077af00000)
 ParOldGen       total 85504K, used 6524K [0x00000006c2000000, 0x00000006c7380000, 0x000000076b580000)
  object space 85504K, 7% used [0x00000006c2000000,0x00000006c265f1f8,0x00000006c7380000)
 Metaspace       used 28605K, capacity 29942K, committed 30208K, reserved 1075200K
  class space    used 3759K, capacity 4030K, committed 4096K, reserved 1048576K
}
Event: 7.029 GC heap before
{Heap before GC invocations=7 (full 1):
 PSYoungGen      total 140800K, used 136754K [0x000000076b580000, 0x000000077af00000, 0x00000007c0000000)
  eden space 130048K, 96% used [0x000000076b580000,0x000000077308d148,0x0000000773480000)
  from space 10752K, 99% used [0x0000000773480000,0x0000000773eff868,0x0000000773f00000)
  to   space 14336K, 0% used [0x000000077a100000,0x000000077a100000,0x000000077af00000)
 ParOldGen       total 85504K, used 6524K [0x00000006c2000000, 0x00000006c7380000, 0x000000076b580000)
  object space 85504K, 7% used [0x00000006c2000000,0x00000006c265f1f8,0x00000006c7380000)
 Metaspace       used 33545K, capacity 35326K, committed 35416K, reserved 1079296K
  class space    used 4354K, capacity 4670K, committed 4736K, reserved 1048576K
Event: 7.046 GC heap after
Heap after GC invocations=7 (full 1):
 PSYoungGen      total 230912K, used 10072K [0x000000076b580000, 0x000000077ab00000, 0x00000007c0000000)
  eden space 220672K, 0% used [0x000000076b580000,0x000000076b580000,0x0000000778d00000)
  from space 10240K, 98% used [0x000000077a100000,0x000000077aad6270,0x000000077ab00000)
  to   space 14336K, 0% used [0x0000000778f00000,0x0000000778f00000,0x0000000779d00000)
 ParOldGen       total 85504K, used 6532K [0x00000006c2000000, 0x00000006c7380000, 0x000000076b580000)
  object space 85504K, 7% used [0x00000006c2000000,0x00000006c26611f8,0x00000006c7380000)
 Metaspace       used 33545K, capacity 35326K, committed 35416K, reserved 1079296K
  class space    used 4354K, capacity 4670K, committed 4736K, reserved 1048576K
}
Event: 7.046 GC heap before
{Heap before GC invocations=8 (full 2):
 PSYoungGen      total 230912K, used 10072K [0x000000076b580000, 0x000000077ab00000, 0x00000007c0000000)
  eden space 220672K, 0% used [0x000000076b580000,0x000000076b580000,0x0000000778d00000)
  from space 10240K, 98% used [0x000000077a100000,0x000000077aad6270,0x000000077ab00000)
  to   space 14336K, 0% used [0x0000000778f00000,0x0000000778f00000,0x0000000779d00000)
 ParOldGen       total 85504K, used 6532K [0x00000006c2000000, 0x00000006c7380000, 0x000000076b580000)
  object space 85504K, 7% used [0x00000006c2000000,0x00000006c26611f8,0x00000006c7380000)
 Metaspace       used 33545K, capacity 35326K, committed 35416K, reserved 1079296K
  class space    used 4354K, capacity 4670K, committed 4736K, reserved 1048576K
Event: 7.219 GC heap after
Heap after GC invocations=8 (full 2):
 PSYoungGen      total 230912K, used 0K [0x000000076b580000, 0x000000077ab00000, 0x00000007c0000000)
  eden space 220672K, 0% used [0x000000076b580000,0x000000076b580000,0x0000000778d00000)
  from space 10240K, 0% used [0x000000077a100000,0x000000077a100000,0x000000077ab00000)
  to   space 14336K, 0% used [0x0000000778f00000,0x0000000778f00000,0x0000000779d00000)
 ParOldGen       total 124416K, used 14319K [0x00000006c2000000, 0x00000006c9980000, 0x000000076b580000)
  object space 124416K, 11% used [0x00000006c2000000,0x00000006c2dfbd98,0x00000006c9980000)
 Metaspace       used 33545K, capacity 35326K, committed 35416K, reserved 1079296K
  class space    used 4354K, capacity 4670K, committed 4736K, reserved 1048576K
}
Event: 10.312 GC heap before
{Heap before GC invocations=9 (full 2):
 PSYoungGen      total 230912K, used 220672K [0x000000076b580000, 0x000000077ab00000, 0x00000007c0000000)
  eden space 220672K, 100% used [0x000000076b580000,0x0000000778d00000,0x0000000778d00000)
  from space 10240K, 0% used [0x000000077a100000,0x000000077a100000,0x000000077ab00000)
  to   space 14336K, 0% used [0x0000000778f00000,0x0000000778f00000,0x0000000779d00000)
 ParOldGen       total 124416K, used 14319K [0x00000006c2000000, 0x00000006c9980000, 0x000000076b580000)
  object space 124416K, 11% used [0x00000006c2000000,0x00000006c2dfbd98,0x00000006c9980000)
 Metaspace       used 52630K, capacity 55178K, committed 55384K, reserved 1097728K
  class space    used 7285K, capacity 7752K, committed 7808K, reserved 1048576K
Event: 10.334 GC heap after
Heap after GC invocations=9 (full 2):
 PSYoungGen      total 235008K, used 14331K [0x000000076b580000, 0x000000077ab00000, 0x00000007c0000000)
  eden space 220672K, 0% used [0x000000076b580000,0x000000076b580000,0x0000000778d00000)
  from space 14336K, 99% used [0x0000000778f00000,0x0000000779cfed00,0x0000000779d00000)
  to   space 10240K, 0% used [0x000000077a100000,0x000000077a100000,0x000000077ab00000)
 ParOldGen       total 124416K, used 21658K [0x00000006c2000000, 0x00000006c9980000, 0x000000076b580000)
  object space 124416K, 17% used [0x00000006c2000000,0x00000006c35269f8,0x00000006c9980000)
 Metaspace       used 52630K, capacity 55178K, committed 55384K, reserved 1097728K
  class space    used 7285K, capacity 7752K, committed 7808K, reserved 1048576K
}

